<?xml version="1.0" encoding="UTF-8"?>
<!-- Generated by org.testng.reporters.JUnitReportReporter -->
<testsuite hostname="SWARAJ" failures="0" tests="1" name="testLayer.TestRunner" time="1.308" errors="0" timestamp="2024-07-21T20:28:30 IST" skipped="0">
  <testcase classname="testLayer.TestRunner" name="loginTest" time="1.308"/>
  <system-out/>
</testsuite> <!-- testLayer.TestRunner -->
